mode: atomic
github.com/stevenxie/graw/streams/internal/monitor/monitor.go:61.37,69.33 2 2
github.com/stevenxie/graw/streams/internal/monitor/monitor.go:73.2,73.15 1 2
github.com/stevenxie/graw/streams/internal/monitor/monitor.go:69.33,71.3 1 0
github.com/stevenxie/graw/streams/internal/monitor/monitor.go:78.52,79.31 1 6
github.com/stevenxie/graw/streams/internal/monitor/monitor.go:83.2,85.21 3 3
github.com/stevenxie/graw/streams/internal/monitor/monitor.go:79.31,81.3 1 3
github.com/stevenxie/graw/streams/internal/monitor/monitor.go:91.73,94.2 2 8
github.com/stevenxie/graw/streams/internal/monitor/monitor.go:98.32,100.20 2 2
github.com/stevenxie/graw/streams/internal/monitor/monitor.go:105.2,105.12 1 2
github.com/stevenxie/graw/streams/internal/monitor/monitor.go:100.20,102.3 1 1
github.com/stevenxie/graw/streams/internal/monitor/monitor.go:102.8,104.3 1 1
github.com/stevenxie/graw/streams/internal/monitor/monitor.go:110.45,111.20 1 3
github.com/stevenxie/graw/streams/internal/monitor/monitor.go:117.2,118.29 2 3
github.com/stevenxie/graw/streams/internal/monitor/monitor.go:111.20,113.3 1 1
github.com/stevenxie/graw/streams/internal/monitor/monitor.go:113.8,115.3 1 2
github.com/stevenxie/graw/streams/internal/monitor/monitor.go:118.29,120.3 1 0
github.com/stevenxie/graw/streams/internal/monitor/monitor.go:127.34,129.16 2 3
github.com/stevenxie/graw/streams/internal/monitor/monitor.go:135.2,135.21 1 3
github.com/stevenxie/graw/streams/internal/monitor/monitor.go:144.2,144.36 1 2
github.com/stevenxie/graw/streams/internal/monitor/monitor.go:156.2,157.12 2 2
github.com/stevenxie/graw/streams/internal/monitor/monitor.go:129.16,131.3 1 0
github.com/stevenxie/graw/streams/internal/monitor/monitor.go:135.21,137.22 2 1
github.com/stevenxie/graw/streams/internal/monitor/monitor.go:140.3,140.13 1 1
github.com/stevenxie/graw/streams/internal/monitor/monitor.go:137.22,139.4 1 0
github.com/stevenxie/graw/streams/internal/monitor/monitor.go:144.36,146.27 2 3
github.com/stevenxie/graw/streams/internal/monitor/monitor.go:151.3,151.13 1 3
github.com/stevenxie/graw/streams/internal/monitor/monitor.go:146.27,147.21 1 6
github.com/stevenxie/graw/streams/internal/monitor/monitor.go:147.21,149.5 1 1
github.com/stevenxie/graw/streams/internal/monitor/monitor.go:151.13,153.4 1 2
github.com/stevenxie/graw/streams/streams.go:61.3,65.2 3 0
github.com/stevenxie/graw/streams/streams.go:84.3,88.2 3 0
github.com/stevenxie/graw/streams/streams.go:101.3,105.2 3 0
github.com/stevenxie/graw/streams/streams.go:116.3,118.2 1 0
github.com/stevenxie/graw/streams/streams.go:129.3,131.2 1 0
github.com/stevenxie/graw/streams/streams.go:144.3,146.2 1 0
github.com/stevenxie/graw/streams/streams.go:157.3,161.12 3 0
github.com/stevenxie/graw/streams/streams.go:169.2,169.26 1 0
github.com/stevenxie/graw/streams/streams.go:161.12,162.27 1 0
github.com/stevenxie/graw/streams/streams.go:162.27,163.21 1 0
github.com/stevenxie/graw/streams/streams.go:163.21,165.5 1 0
github.com/stevenxie/graw/streams/streams.go:180.3,184.2 3 0
github.com/stevenxie/graw/streams/streams.go:196.3,198.16 2 0
github.com/stevenxie/graw/streams/streams.go:202.2,203.39 2 0
github.com/stevenxie/graw/streams/streams.go:198.16,200.3 1 0
github.com/stevenxie/graw/streams/streams.go:206.79,214.2 1 0
github.com/stevenxie/graw/streams/streams.go:224.3,232.2 5 1
github.com/stevenxie/graw/streams/streams.go:241.3,242.6 1 2
github.com/stevenxie/graw/streams/streams.go:242.6,243.10 1 4
github.com/stevenxie/graw/streams/streams.go:246.15,250.10 4 1
github.com/stevenxie/graw/streams/streams.go:251.11,252.42 1 3
github.com/stevenxie/graw/streams/streams.go:252.42,254.5 1 1
github.com/stevenxie/graw/streams/streams.go:254.10,256.31 1 2
github.com/stevenxie/graw/streams/streams.go:259.5,259.34 1 1
github.com/stevenxie/graw/streams/streams.go:262.5,262.34 1 1
github.com/stevenxie/graw/streams/streams.go:256.31,258.6 1 2
github.com/stevenxie/graw/streams/streams.go:259.34,261.6 1 1
github.com/stevenxie/graw/streams/streams.go:262.34,264.6 1 1
github.com/stevenxie/graw/streams/internal/rsort/postcast.go:13.39,13.58 1 3
github.com/stevenxie/graw/streams/internal/rsort/postcast.go:15.40,15.65 1 13
github.com/stevenxie/graw/streams/internal/rsort/postcast.go:17.53,19.23 2 1
github.com/stevenxie/graw/streams/internal/rsort/postcast.go:22.2,22.15 1 1
github.com/stevenxie/graw/streams/internal/rsort/postcast.go:19.23,21.3 1 3
github.com/stevenxie/graw/streams/internal/rsort/rsort.go:23.50,25.2 1 1
github.com/stevenxie/graw/streams/internal/rsort/rsort.go:28.19,30.2 1 1
github.com/stevenxie/graw/streams/internal/rsort/rsort.go:41.45,50.27 4 1
github.com/stevenxie/graw/streams/internal/rsort/rsort.go:54.2,54.14 1 1
github.com/stevenxie/graw/streams/internal/rsort/rsort.go:50.27,52.3 1 6
github.com/stevenxie/graw/streams/internal/rsort/rsort.go:57.51,59.27 2 1
github.com/stevenxie/graw/streams/internal/rsort/rsort.go:62.2,62.15 1 1
github.com/stevenxie/graw/streams/internal/rsort/rsort.go:59.27,61.3 1 3
github.com/stevenxie/graw/streams/internal/rsort/sort.go:7.35,7.59 1 1
github.com/stevenxie/graw/streams/internal/rsort/sort.go:11.45,13.2 1 12
github.com/stevenxie/graw/streams/internal/rsort/sort.go:15.40,19.2 3 8
github.com/stevenxie/graw/streams/internal/rsort/commentcast.go:13.42,13.61 1 2
github.com/stevenxie/graw/streams/internal/rsort/commentcast.go:15.43,15.68 1 6
github.com/stevenxie/graw/streams/internal/rsort/commentcast.go:17.59,19.23 2 1
github.com/stevenxie/graw/streams/internal/rsort/commentcast.go:22.2,22.15 1 1
github.com/stevenxie/graw/streams/internal/rsort/commentcast.go:19.23,21.3 1 2
github.com/stevenxie/graw/streams/internal/rsort/messagecast.go:13.42,13.61 1 1
github.com/stevenxie/graw/streams/internal/rsort/messagecast.go:15.43,15.68 1 5
github.com/stevenxie/graw/streams/internal/rsort/messagecast.go:17.59,19.23 2 1
github.com/stevenxie/graw/streams/internal/rsort/messagecast.go:22.2,22.15 1 1
github.com/stevenxie/graw/streams/internal/rsort/messagecast.go:19.23,21.3 1 1
github.com/stevenxie/graw/foreman.go:19.3,20.48 1 2
github.com/stevenxie/graw/foreman.go:26.2,26.17 1 2
github.com/stevenxie/graw/foreman.go:32.2,35.12 3 2
github.com/stevenxie/graw/foreman.go:39.2,39.17 1 2
github.com/stevenxie/graw/foreman.go:44.2,44.23 1 2
github.com/stevenxie/graw/foreman.go:49.2,49.24 1 2
github.com/stevenxie/graw/foreman.go:20.48,21.39 1 1
github.com/stevenxie/graw/foreman.go:21.39,23.4 1 0
github.com/stevenxie/graw/foreman.go:26.17,27.48 1 3
github.com/stevenxie/graw/foreman.go:27.48,29.4 1 2
github.com/stevenxie/graw/foreman.go:35.12,37.3 1 2
github.com/stevenxie/graw/foreman.go:39.17,42.3 2 1
github.com/stevenxie/graw/foreman.go:44.23,47.3 2 2
github.com/stevenxie/graw/foreman.go:57.9,59.6 2 2
github.com/stevenxie/graw/foreman.go:59.6,60.10 1 6
github.com/stevenxie/graw/foreman.go:61.15,62.14 1 1
github.com/stevenxie/graw/foreman.go:63.22,64.15 1 5
github.com/stevenxie/graw/foreman.go:65.13,65.13 0 1
github.com/stevenxie/graw/foreman.go:66.24,67.50 1 1
github.com/stevenxie/graw/foreman.go:68.30,69.52 1 1
github.com/stevenxie/graw/foreman.go:70.34,71.50 1 1
github.com/stevenxie/graw/foreman.go:72.12,73.15 1 1
github.com/stevenxie/graw/logger.go:8.40,9.14 1 0
github.com/stevenxie/graw/logger.go:13.2,13.10 1 0
github.com/stevenxie/graw/logger.go:9.14,11.3 1 0
github.com/stevenxie/graw/run.go:30.3,40.16 3 0
github.com/stevenxie/graw/run.go:44.2,44.56 1 0
github.com/stevenxie/graw/run.go:40.16,42.3 1 0
github.com/stevenxie/graw/run.go:53.9,60.16 1 0
github.com/stevenxie/graw/run.go:66.2,66.19 1 0
github.com/stevenxie/graw/run.go:84.2,84.22 1 0
github.com/stevenxie/graw/run.go:102.2,102.16 1 0
github.com/stevenxie/graw/run.go:120.2,120.16 1 0
github.com/stevenxie/graw/run.go:138.2,138.12 1 0
github.com/stevenxie/graw/run.go:60.16,62.3 1 0
github.com/stevenxie/graw/run.go:66.19,67.58 1 0
github.com/stevenxie/graw/run.go:67.58,69.4 1 0
github.com/stevenxie/graw/run.go:69.9,73.17 1 0
github.com/stevenxie/graw/run.go:73.17,75.4 1 0
github.com/stevenxie/graw/run.go:75.9,76.14 1 0
github.com/stevenxie/graw/run.go:76.14,77.25 1 0
github.com/stevenxie/graw/run.go:77.25,79.6 1 0
github.com/stevenxie/graw/run.go:84.22,85.61 1 0
github.com/stevenxie/graw/run.go:85.61,87.4 1 0
github.com/stevenxie/graw/run.go:87.9,91.17 1 0
github.com/stevenxie/graw/run.go:91.17,93.4 1 0
github.com/stevenxie/graw/run.go:93.9,94.14 1 0
github.com/stevenxie/graw/run.go:94.14,95.25 1 0
github.com/stevenxie/graw/run.go:95.25,97.6 1 0
github.com/stevenxie/graw/run.go:102.16,103.55 1 0
github.com/stevenxie/graw/run.go:103.55,105.4 1 0
github.com/stevenxie/graw/run.go:105.9,109.17 1 0
github.com/stevenxie/graw/run.go:109.17,111.4 1 0
github.com/stevenxie/graw/run.go:111.9,112.14 1 0
github.com/stevenxie/graw/run.go:112.14,113.23 1 0
github.com/stevenxie/graw/run.go:113.23,115.6 1 0
github.com/stevenxie/graw/run.go:120.16,121.55 1 0
github.com/stevenxie/graw/run.go:121.55,123.4 1 0
github.com/stevenxie/graw/run.go:123.9,127.17 1 0
github.com/stevenxie/graw/run.go:127.17,129.4 1 0
github.com/stevenxie/graw/run.go:129.9,130.14 1 0
github.com/stevenxie/graw/run.go:130.14,131.23 1 0
github.com/stevenxie/graw/run.go:131.23,133.6 1 0
github.com/stevenxie/graw/scan.go:31.3,35.75 3 0
github.com/stevenxie/graw/scan.go:39.2,45.16 1 0
github.com/stevenxie/graw/scan.go:49.2,49.56 1 0
github.com/stevenxie/graw/scan.go:35.75,37.3 1 0
github.com/stevenxie/graw/scan.go:45.16,47.3 1 0
github.com/stevenxie/graw/scan.go:60.9,61.27 1 0
github.com/stevenxie/graw/scan.go:79.2,79.34 1 0
github.com/stevenxie/graw/scan.go:98.2,98.22 1 0
github.com/stevenxie/graw/scan.go:124.2,124.12 1 0
github.com/stevenxie/graw/scan.go:61.27,63.10 2 0
github.com/stevenxie/graw/scan.go:67.3,68.17 2 0
github.com/stevenxie/graw/scan.go:72.3,72.13 1 0
github.com/stevenxie/graw/scan.go:63.10,65.4 1 0
github.com/stevenxie/graw/scan.go:68.17,70.4 1 0
github.com/stevenxie/graw/scan.go:72.13,73.25 1 0
github.com/stevenxie/graw/scan.go:73.25,75.5 1 0
github.com/stevenxie/graw/scan.go:79.34,81.10 2 0
github.com/stevenxie/graw/scan.go:85.3,87.17 2 0
github.com/stevenxie/graw/scan.go:91.3,91.13 1 0
github.com/stevenxie/graw/scan.go:81.10,83.4 1 0
github.com/stevenxie/graw/scan.go:87.17,89.4 1 0
github.com/stevenxie/graw/scan.go:91.13,92.28 1 0
github.com/stevenxie/graw/scan.go:92.28,94.5 1 0
github.com/stevenxie/graw/scan.go:98.22,100.10 2 0
github.com/stevenxie/graw/scan.go:104.3,104.32 1 0
github.com/stevenxie/graw/scan.go:100.10,102.4 1 0
github.com/stevenxie/graw/scan.go:104.32,106.18 2 0
github.com/stevenxie/graw/scan.go:110.4,110.14 1 0
github.com/stevenxie/graw/scan.go:116.4,116.14 1 0
github.com/stevenxie/graw/scan.go:106.18,108.5 1 0
github.com/stevenxie/graw/scan.go:110.14,111.26 1 0
github.com/stevenxie/graw/scan.go:111.26,113.6 1 0
github.com/stevenxie/graw/scan.go:116.14,117.29 1 0
github.com/stevenxie/graw/scan.go:117.29,119.6 1 0
github.com/stevenxie/graw/reddit/loader.go:13.49,21.2 2 0
github.com/stevenxie/graw/reddit/loader.go:24.69,26.16 2 2
github.com/stevenxie/graw/reddit/loader.go:30.2,31.73 2 1
github.com/stevenxie/graw/reddit/loader.go:26.16,28.3 1 1
github.com/stevenxie/graw/reddit/lurker.go:13.33,15.2 1 5
github.com/stevenxie/graw/reddit/lurker.go:17.58,22.16 2 3
github.com/stevenxie/graw/reddit/lurker.go:26.2,26.29 1 3
github.com/stevenxie/graw/reddit/lurker.go:30.2,30.30 1 1
github.com/stevenxie/graw/reddit/lurker.go:22.16,24.3 1 0
github.com/stevenxie/graw/reddit/lurker.go:26.29,28.3 1 2
github.com/stevenxie/graw/reddit/script.go:23.66,39.2 3 0
github.com/stevenxie/graw/reddit/app.go:21.32,22.41 1 6
github.com/stevenxie/graw/reddit/app.go:31.2,31.72 1 6
github.com/stevenxie/graw/reddit/app.go:22.41,23.24 1 6
github.com/stevenxie/graw/reddit/app.go:28.3,28.14 1 1
github.com/stevenxie/graw/reddit/app.go:23.24,24.15 1 12
github.com/stevenxie/graw/reddit/app.go:24.15,26.5 1 5
github.com/stevenxie/graw/reddit/reaper.go:51.39,61.2 1 1
github.com/stevenxie/graw/reddit/reaper.go:63.83,72.16 3 6
github.com/stevenxie/graw/reddit/reaper.go:76.2,81.8 2 6
github.com/stevenxie/graw/reddit/reaper.go:72.16,74.3 1 0
github.com/stevenxie/graw/reddit/reaper.go:84.71,96.2 3 8
github.com/stevenxie/graw/reddit/reaper.go:98.34,102.33 3 14
github.com/stevenxie/graw/reddit/reaper.go:105.2,105.21 1 14
github.com/stevenxie/graw/reddit/reaper.go:102.33,104.3 1 2
github.com/stevenxie/graw/reddit/reaper.go:108.74,115.2 1 14
github.com/stevenxie/graw/reddit/reaper.go:117.57,118.32 1 6
github.com/stevenxie/graw/reddit/reaper.go:122.2,122.17 1 1
github.com/stevenxie/graw/reddit/reaper.go:118.32,120.3 1 5
github.com/stevenxie/graw/reddit/reaper.go:125.72,128.33 2 14
github.com/stevenxie/graw/reddit/reaper.go:132.2,132.24 1 14
github.com/stevenxie/graw/reddit/reaper.go:128.33,130.3 1 19
github.com/stevenxie/graw/reddit/appclient.go:17.59,18.40 1 0
github.com/stevenxie/graw/reddit/appclient.go:24.2,24.29 1 0
github.com/stevenxie/graw/reddit/appclient.go:18.40,19.39 1 0
github.com/stevenxie/graw/reddit/appclient.go:19.39,21.4 1 0
github.com/stevenxie/graw/reddit/appclient.go:27.39,51.2 6 0
github.com/stevenxie/graw/reddit/appclient.go:53.55,59.2 2 0
github.com/stevenxie/graw/reddit/bot.go:37.39,53.2 3 0
github.com/stevenxie/graw/reddit/bot.go:58.76,60.16 2 0
github.com/stevenxie/graw/reddit/bot.go:64.2,70.3 1 0
github.com/stevenxie/graw/reddit/bot.go:60.16,62.3 1 0
github.com/stevenxie/graw/reddit/data.go:41.37,44.2 2 0
github.com/stevenxie/graw/reddit/minduration.go:8.46,10.11 1 0
github.com/stevenxie/graw/reddit/minduration.go:14.2,14.10 1 0
github.com/stevenxie/graw/reddit/minduration.go:10.11,12.3 1 0
github.com/stevenxie/graw/reddit/parse.go:46.25,48.2 1 1
github.com/stevenxie/graw/reddit/parse.go:53.44,55.23 2 4
github.com/stevenxie/graw/reddit/parse.go:59.2,60.22 2 1
github.com/stevenxie/graw/reddit/parse.go:64.2,67.3 1 0
github.com/stevenxie/graw/reddit/parse.go:55.23,57.3 1 3
github.com/stevenxie/graw/reddit/parse.go:60.22,62.3 1 1
github.com/stevenxie/graw/reddit/parse.go:73.44,75.63 2 7
github.com/stevenxie/graw/reddit/parse.go:79.2,79.39 1 6
github.com/stevenxie/graw/reddit/parse.go:75.63,77.3 1 1
github.com/stevenxie/graw/reddit/parse.go:86.55,88.56 2 2
github.com/stevenxie/graw/reddit/parse.go:92.2,93.16 2 2
github.com/stevenxie/graw/reddit/parse.go:97.2,97.21 1 2
github.com/stevenxie/graw/reddit/parse.go:101.2,102.16 2 2
github.com/stevenxie/graw/reddit/parse.go:106.2,107.22 2 2
github.com/stevenxie/graw/reddit/parse.go:88.56,90.3 1 0
github.com/stevenxie/graw/reddit/parse.go:93.16,95.3 1 0
github.com/stevenxie/graw/reddit/parse.go:97.21,99.3 1 0
github.com/stevenxie/graw/reddit/parse.go:102.16,104.3 1 0
github.com/stevenxie/graw/reddit/parse.go:111.70,112.27 1 338
github.com/stevenxie/graw/reddit/parse.go:116.2,117.55 2 338
github.com/stevenxie/graw/reddit/parse.go:121.2,126.31 5 338
github.com/stevenxie/graw/reddit/parse.go:152.2,152.35 1 338
github.com/stevenxie/graw/reddit/parse.go:112.27,114.3 1 0
github.com/stevenxie/graw/reddit/parse.go:117.55,119.3 1 0
github.com/stevenxie/graw/reddit/parse.go:126.31,127.17 1 764
github.com/stevenxie/graw/reddit/parse.go:131.3,140.60 4 764
github.com/stevenxie/graw/reddit/parse.go:127.17,128.9 1 0
github.com/stevenxie/graw/reddit/parse.go:140.60,143.4 2 10
github.com/stevenxie/graw/reddit/parse.go:143.9,143.35 1 754
github.com/stevenxie/graw/reddit/parse.go:143.35,146.4 2 444
github.com/stevenxie/graw/reddit/parse.go:146.9,146.32 1 310
github.com/stevenxie/graw/reddit/parse.go:146.32,149.4 2 60
github.com/stevenxie/graw/reddit/parse.go:156.47,160.13 2 444
github.com/stevenxie/graw/reddit/parse.go:166.2,167.55 2 444
github.com/stevenxie/graw/reddit/parse.go:171.2,172.35 2 444
github.com/stevenxie/graw/reddit/parse.go:176.2,177.24 2 444
github.com/stevenxie/graw/reddit/parse.go:160.13,161.49 1 444
github.com/stevenxie/graw/reddit/parse.go:161.49,163.4 1 116
github.com/stevenxie/graw/reddit/parse.go:167.55,169.3 1 0
github.com/stevenxie/graw/reddit/parse.go:172.35,174.3 1 328
github.com/stevenxie/graw/reddit/parse.go:181.41,183.55 2 60
github.com/stevenxie/graw/reddit/parse.go:187.2,188.15 2 60
github.com/stevenxie/graw/reddit/parse.go:183.55,185.3 1 0
github.com/stevenxie/graw/reddit/parse.go:192.47,195.2 2 10
github.com/stevenxie/graw/reddit/parse.go:197.55,202.2 1 0
github.com/stevenxie/graw/reddit/scanner.go:37.35,39.2 1 3
github.com/stevenxie/graw/reddit/scanner.go:41.64,49.2 1 1
github.com/stevenxie/graw/reddit/scanner.go:54.3,59.33 2 0
github.com/stevenxie/graw/reddit/scanner.go:62.2,62.37 1 0
github.com/stevenxie/graw/reddit/scanner.go:59.33,61.3 1 0
github.com/stevenxie/graw/reddit/account.go:33.35,37.2 1 3
github.com/stevenxie/graw/reddit/account.go:39.56,46.2 1 1
github.com/stevenxie/graw/reddit/account.go:48.65,56.2 1 1
github.com/stevenxie/graw/reddit/account.go:58.65,67.2 1 1
github.com/stevenxie/graw/reddit/account.go:69.64,78.2 1 1
github.com/stevenxie/graw/reddit/agentforwarder.go:15.77,18.2 2 0
github.com/stevenxie/graw/reddit/agentforwarder.go:20.49,22.2 1 1
github.com/stevenxie/graw/reddit/client.go:32.60,34.37 2 7
github.com/stevenxie/graw/reddit/client.go:37.2,37.16 1 7
github.com/stevenxie/graw/reddit/client.go:41.2,41.25 1 7
github.com/stevenxie/graw/reddit/client.go:57.2,58.51 2 2
github.com/stevenxie/graw/reddit/client.go:62.2,62.25 1 2
github.com/stevenxie/graw/reddit/client.go:34.37,36.3 1 7
github.com/stevenxie/graw/reddit/client.go:37.16,39.3 1 0
github.com/stevenxie/graw/reddit/client.go:42.21,42.21 0 2
github.com/stevenxie/graw/reddit/client.go:43.28,44.34 1 1
github.com/stevenxie/graw/reddit/client.go:45.37,46.22 1 1
github.com/stevenxie/graw/reddit/client.go:47.34,48.27 1 1
github.com/stevenxie/graw/reddit/client.go:49.29,50.28 1 1
github.com/stevenxie/graw/reddit/client.go:51.33,52.32 1 1
github.com/stevenxie/graw/reddit/client.go:53.10,54.67 1 0
github.com/stevenxie/graw/reddit/client.go:58.51,60.3 1 0
github.com/stevenxie/graw/reddit/client.go:66.48,67.26 1 1
github.com/stevenxie/graw/reddit/client.go:71.2,71.24 1 1
github.com/stevenxie/graw/reddit/client.go:75.2,75.51 1 1
github.com/stevenxie/graw/reddit/client.go:67.26,69.3 1 1
github.com/stevenxie/graw/reddit/client.go:71.24,73.3 1 0
